# JRE version: OpenJDK Runtime Environment (15.0.1+9) (build 15.0.1+9-18)
# Java VM: OpenJDK 64-Bit Server VM (15.0.1+9-18, mixed mode, tiered, compressed oops, g1 gc, windows-amd64)
GC Precious Log:
 CPUs: 8 total, 8 available
 Memory: 16263M
 Large Page Support: Disabled
 NUMA Support: Disabled
 Compressed Oops: Enabled (Zero based)
 Heap Region Size: 2M
 Heap Min Capacity: 8M
 Heap Initial Capacity: 256M
 Heap Max Capacity: 4066M
 Pre-touch: Disabled
 Parallel Workers: 8
 Concurrent Workers: 2
 Concurrent Refinement Workers: 8
 Periodic GC: Disabled
Heap:
 garbage-first heap   total 161792K, used 38268K [0x0000000701e00000, 0x0000000800000000)
  region size 2048K, 14 young (28672K), 4 survivors (8192K)
 Metaspace       used 58301K, capacity 58804K, committed 59004K, reserved 1101824K
  class space    used 6684K, capacity 6867K, committed 6912K, reserved 1048576K
GC Heap History (20 events):
Event: 4.926 GC heap before
{Heap before GC invocations=11 (full 0):
 garbage-first heap   total 34816K, used 24021K [0x0000000701e00000, 0x0000000800000000)
  region size 2048K, 8 young (16384K), 1 survivors (2048K)
 Metaspace       used 31331K, capacity 31589K, committed 31664K, reserved 1077248K
  class space    used 3437K, capacity 3522K, committed 3584K, reserved 1048576K
}
Event: 4.931 GC heap after
{Heap after GC invocations=12 (full 0):
 garbage-first heap   total 34816K, used 10346K [0x0000000701e00000, 0x0000000800000000)
  region size 2048K, 1 young (2048K), 1 survivors (2048K)
 Metaspace       used 31331K, capacity 31589K, committed 31664K, reserved 1077248K
  class space    used 3437K, capacity 3522K, committed 3584K, reserved 1048576K
}
Event: 5.312 GC heap before
{Heap before GC invocations=12 (full 0):
 garbage-first heap   total 34816K, used 24682K [0x0000000701e00000, 0x0000000800000000)
  region size 2048K, 8 young (16384K), 1 survivors (2048K)
 Metaspace       used 32520K, capacity 32816K, committed 33072K, reserved 1079296K
  class space    used 3576K, capacity 3692K, committed 3712K, reserved 1048576K
}
Event: 5.319 GC heap after
{Heap after GC invocations=13 (full 0):
 garbage-first heap   total 34816K, used 10904K [0x0000000701e00000, 0x0000000800000000)
  region size 2048K, 1 young (2048K), 1 survivors (2048K)
 Metaspace       used 32520K, capacity 32816K, committed 33072K, reserved 1079296K
  class space    used 3576K, capacity 3692K, committed 3712K, reserved 1048576K
}
Event: 5.755 GC heap before
{Heap before GC invocations=13 (full 0):
 garbage-first heap   total 34816K, used 25240K [0x0000000701e00000, 0x0000000800000000)
  region size 2048K, 8 young (16384K), 1 survivors (2048K)
 Metaspace       used 33540K, capacity 33812K, committed 33968K, reserved 1079296K
  class space    used 3714K, capacity 3831K, committed 3840K, reserved 1048576K
}
Event: 5.764 GC heap after
{Heap after GC invocations=14 (full 0):
 garbage-first heap   total 34816K, used 11525K [0x0000000701e00000, 0x0000000800000000)
  region size 2048K, 1 young (2048K), 1 survivors (2048K)
 Metaspace       used 33540K, capacity 33812K, committed 33968K, reserved 1079296K
  class space    used 3714K, capacity 3831K, committed 3840K, reserved 1048576K
}
Event: 6.161 GC heap before
{Heap before GC invocations=14 (full 0):
 garbage-first heap   total 34816K, used 25861K [0x0000000701e00000, 0x0000000800000000)
  region size 2048K, 8 young (16384K), 1 survivors (2048K)
 Metaspace       used 35007K, capacity 35313K, committed 35504K, reserved 1081344K
  class space    used 3902K, capacity 4004K, committed 4096K, reserved 1048576K
}
Event: 6.169 GC heap after
{Heap after GC invocations=15 (full 0):
 garbage-first heap   total 34816K, used 12201K [0x0000000701e00000, 0x0000000800000000)
  region size 2048K, 1 young (2048K), 1 survivors (2048K)
 Metaspace       used 35007K, capacity 35313K, committed 35504K, reserved 1081344K
  class space    used 3902K, capacity 4004K, committed 4096K, reserved 1048576K
}
Event: 6.280 GC heap before
{Heap before GC invocations=15 (full 0):
 garbage-first heap   total 34816K, used 14249K [0x0000000701e00000, 0x0000000800000000)
  region size 2048K, 3 young (6144K), 1 survivors (2048K)
 Metaspace       used 35303K, capacity 35601K, committed 35708K, reserved 1081344K
  class space    used 3941K, capacity 4036K, committed 4096K, reserved 1048576K
}
Event: 6.288 GC heap after
{Heap after GC invocations=16 (full 0):
 garbage-first heap   total 149504K, used 12435K [0x0000000701e00000, 0x0000000800000000)
  region size 2048K, 1 young (2048K), 1 survivors (2048K)
 Metaspace       used 35303K, capacity 35601K, committed 35708K, reserved 1081344K
  class space    used 3941K, capacity 4036K, committed 4096K, reserved 1048576K
}
Event: 7.342 GC heap before
{Heap before GC invocations=17 (full 0):
 garbage-first heap   total 61440K, used 47251K [0x0000000701e00000, 0x0000000800000000)
  region size 2048K, 18 young (36864K), 1 survivors (2048K)
 Metaspace       used 38887K, capacity 39204K, committed 39420K, reserved 1085440K
  class space    used 4355K, capacity 4469K, committed 4480K, reserved 1048576K
}
Event: 7.352 GC heap after
{Heap after GC invocations=18 (full 0):
 garbage-first heap   total 61440K, used 13785K [0x0000000701e00000, 0x0000000800000000)
  region size 2048K, 2 young (4096K), 2 survivors (4096K)
 Metaspace       used 38887K, capacity 39204K, committed 39420K, reserved 1085440K
  class space    used 4355K, capacity 4469K, committed 4480K, reserved 1048576K
}
Event: 7.498 GC heap before
{Heap before GC invocations=18 (full 0):
 garbage-first heap   total 61440K, used 13785K [0x0000000701e00000, 0x0000000800000000)
  region size 2048K, 3 young (6144K), 2 survivors (4096K)
 Metaspace       used 39049K, capacity 39428K, committed 39548K, reserved 1085440K
  class space    used 4375K, capacity 4501K, committed 4608K, reserved 1048576K
}
Event: 7.512 GC heap after
{Heap after GC invocations=19 (full 0):
 garbage-first heap   total 61440K, used 13420K [0x0000000701e00000, 0x0000000800000000)
  region size 2048K, 1 young (2048K), 1 survivors (2048K)
 Metaspace       used 39049K, capacity 39428K, committed 39548K, reserved 1085440K
  class space    used 4375K, capacity 4501K, committed 4608K, reserved 1048576K
}
Event: 8.428 GC heap before
{Heap before GC invocations=19 (full 0):
 garbage-first heap   total 61440K, used 46188K [0x0000000701e00000, 0x0000000800000000)
  region size 2048K, 17 young (34816K), 1 survivors (2048K)
 Metaspace       used 42937K, capacity 43399K, committed 43644K, reserved 1087488K
  class space    used 4861K, capacity 5033K, committed 5120K, reserved 1048576K
}
Event: 8.433 GC heap after
{Heap after GC invocations=20 (full 0):
 garbage-first heap   total 61440K, used 14945K [0x0000000701e00000, 0x0000000800000000)
  region size 2048K, 1 young (2048K), 1 survivors (2048K)
 Metaspace       used 42937K, capacity 43399K, committed 43644K, reserved 1087488K
  class space    used 4861K, capacity 5033K, committed 5120K, reserved 1048576K
}
Event: 9.907 GC heap before
{Heap before GC invocations=20 (full 0):
 garbage-first heap   total 61440K, used 47713K [0x0000000701e00000, 0x0000000800000000)
  region size 2048K, 17 young (34816K), 1 survivors (2048K)
 Metaspace       used 45721K, capacity 46207K, committed 46460K, reserved 1091584K
  class space    used 5206K, capacity 5366K, committed 5376K, reserved 1048576K
}
Event: 9.914 GC heap after
{Heap after GC invocations=21 (full 0):
 garbage-first heap   total 161792K, used 16752K [0x0000000701e00000, 0x0000000800000000)
  region size 2048K, 2 young (4096K), 2 survivors (4096K)
 Metaspace       used 45721K, capacity 46207K, committed 46460K, reserved 1091584K
  class space    used 5206K, capacity 5366K, committed 5376K, reserved 1048576K
}
Event: 671.725 GC heap before
{Heap before GC invocations=21 (full 0):
 garbage-first heap   total 161792K, used 106864K [0x0000000701e00000, 0x0000000800000000)
  region size 2048K, 47 young (96256K), 2 survivors (4096K)
 Metaspace       used 56920K, capacity 57474K, committed 57596K, reserved 1099776K
  class space    used 6535K, capacity 6704K, committed 6784K, reserved 1048576K
}
Event: 671.737 GC heap after
{Heap after GC invocations=22 (full 0):
 garbage-first heap   total 161792K, used 19836K [0x0000000701e00000, 0x0000000800000000)
  region size 2048K, 4 young (8192K), 4 survivors (8192K)
 Metaspace       used 56920K, capacity 57474K, committed 57596K, reserved 1099776K
  class space    used 6535K, capacity 6704K, committed 6784K, reserved 1048576K
}

